{"protocolVersion":"0.1.1","runnerVersion":null,"pid":57968,"type":"start","time":0}
{"suite":{"id":0,"platform":"vm","path":"/home/akash/Documents/Paint-Store-backup/integration_test/app_test.dart"},"type":"suite","time":0}
{"test":{"id":1,"name":"loading /home/akash/Documents/Paint-Store-backup/integration_test/app_test.dart","suiteID":0,"groupIDs":[],"metadata":{"skip":false,"skipReason":null},"line":null,"column":null,"url":null},"type":"testStart","time":1}
{"count":3,"time":7,"type":"allSuites"}
Running Gradle task 'assembleDebug'...                             60.0s
✓ Built build/app/outputs/flutter-apk/app-debug.apk
Installing build/app/outputs/flutter-apk/app-debug.apk...           6.3s
{"testID":1,"result":"success","skipped":false,"hidden":true,"type":"testDone","time":73228}
{"group":{"id":2,"suiteID":0,"parentID":null,"name":"","metadata":{"skip":false,"skipReason":null},"testCount":4,"line":null,"column":null,"url":null},"type":"group","time":73231}
{"group":{"id":3,"suiteID":0,"parentID":2,"name":"Authentication Flow Tests","metadata":{"skip":false,"skipReason":null},"testCount":4,"line":56,"column":3,"url":"file:///home/akash/Documents/Paint-Store-backup/home/akash/Documents/Paint-Store-backup/integration_test/app_test.dart"},"type":"group","time":73232}
{"test":{"id":4,"name":"Authentication Flow Tests Login with valid email and password navigates to HomePage","suiteID":0,"groupIDs":[2,3],"metadata":{"skip":false,"skipReason":null},"line":175,"column":5,"url":"package:flutter_test/src/widget_tester.dart"},"type":"testStart","time":73232}
{"testID":4,"result":"success","skipped":false,"hidden":false,"type":"testDone","time":126074}
{"test":{"id":5,"name":"Authentication Flow Tests Login with invalid password shows correct error message","suiteID":0,"groupIDs":[2,3],"metadata":{"skip":false,"skipReason":null},"line":175,"column":5,"url":"package:flutter_test/src/widget_tester.dart"},"type":"testStart","time":126075}
{"testID":5,"result":"error","skipped":false,"hidden":false,"type":"testDone","time":161881}
{"test":{"id":6,"name":"Authentication Flow Tests Navigation from Login to Register page and back","suiteID":0,"groupIDs":[2,3],"metadata":{"skip":false,"skipReason":null},"line":175,"column":5,"url":"package:flutter_test/src/widget_tester.dart"},"type":"testStart","time":161906}
{"testID":6,"result":"error","skipped":false,"hidden":false,"type":"testDone","time":161908}
{"test":{"id":7,"name":"Authentication Flow Tests Login page UI elements have correct styling","suiteID":0,"groupIDs":[2,3],"metadata":{"skip":false,"skipReason":null},"line":175,"column":5,"url":"package:flutter_test/src/widget_tester.dart"},"type":"testStart","time":161909}
{"testID":7,"result":"error","skipped":false,"hidden":false,"type":"testDone","time":161909}
{"test":{"id":8,"name":"(tearDownAll)","suiteID":0,"groupIDs":[2],"metadata":{"skip":false,"skipReason":null},"line":50,"column":5,"url":"package:integration_test/integration_test.dart"},"type":"testStart","time":161910}
{"testID":8,"result":"error","skipped":false,"hidden":false,"type":"testDone","time":161910}
{"suite":{"id":9,"platform":"vm","path":"/home/akash/Documents/Paint-Store-backup/integration_test/app_auth_env_test.dart"},"type":"suite","time":161913}
{"test":{"id":10,"name":"loading /home/akash/Documents/Paint-Store-backup/integration_test/app_auth_env_test.dart","suiteID":9,"groupIDs":[],"metadata":{"skip":false,"skipReason":null},"line":null,"column":null,"url":null},"type":"testStart","time":161913}
Running Gradle task 'assembleDebug'...                             36.1s
✓ Built build/app/outputs/flutter-apk/app-debug.apk
Installing build/app/outputs/flutter-apk/app-debug.apk...           5.2s
{"testID":10,"result":"success","skipped":false,"hidden":true,"type":"testDone","time":209353}
{"group":{"id":11,"suiteID":9,"parentID":null,"name":"","metadata":{"skip":false,"skipReason":null},"testCount":1,"line":null,"column":null,"url":null},"type":"group","time":209353}
{"group":{"id":12,"suiteID":9,"parentID":11,"name":"Auth Flow (env-driven)","metadata":{"skip":false,"skipReason":null},"testCount":1,"line":32,"column":3,"url":"file:///home/akash/Documents/Paint-Store-backup/home/akash/Documents/Paint-Store-backup/integration_test/app_auth_env_test.dart"},"type":"group","time":209353}
{"test":{"id":13,"name":"Auth Flow (env-driven) Login with TEST_EMAIL/TEST_PASSWORD navigates to HomePage","suiteID":9,"groupIDs":[11,12],"metadata":{"skip":false,"skipReason":null},"line":175,"column":5,"url":"package:flutter_test/src/widget_tester.dart"},"type":"testStart","time":209353}
{"testID":13,"result":"success","skipped":false,"hidden":false,"type":"testDone","time":260693}
{"test":{"id":14,"name":"(tearDownAll)","suiteID":9,"groupIDs":[11],"metadata":{"skip":false,"skipReason":null},"line":50,"column":5,"url":"package:integration_test/integration_test.dart"},"type":"testStart","time":260694}
{"testID":14,"result":"success","skipped":false,"hidden":true,"type":"testDone","time":260745}
{"suite":{"id":15,"platform":"vm","path":"/home/akash/Documents/Paint-Store-backup/integration_test/product_card_test.dart"},"type":"suite","time":261277}
{"test":{"id":16,"name":"loading /home/akash/Documents/Paint-Store-backup/integration_test/product_card_test.dart","suiteID":15,"groupIDs":[],"metadata":{"skip":false,"skipReason":null},"line":null,"column":null,"url":null},"type":"testStart","time":261277}
Running Gradle task 'assembleDebug'...                             31.9s
✓ Built build/app/outputs/flutter-apk/app-debug.apk
Installing build/app/outputs/flutter-apk/app-debug.apk...       {"testID":16,"result":"success","skipped":false,"hidden":true,"type":"testDone","time":298319}
{"success":false,"type":"done","time":298321}
    3.7s
Error: ADB exited with exit code -15

adb uninstall failed: ProcessException: Process exited abnormally with exit code 1:
Failure [DELETE_FAILED_INTERNAL_ERROR]
  Command: /home/akash/Android/Sdk/platform-tools/adb -s ZD222KF23F uninstall com.example.c_h_p
unhandled error during finalization of test:
/home/akash/Documents/Paint-Store-backup/integration_test/product_card_test.dart
PathNotFoundException: Deletion failed, path = '/tmp/flutter_tools.IZLIFP/flutter_test_listener.MWKBPU' (OS Error: No such file or directory, errno = 2)
#0      _Directory._deleteSync (dart:io/directory_impl.dart:226:7)
#1      FileSystemEntity.deleteSync (dart:io/file_system_entity.dart:425:7)
#2      ForwardingFileSystemEntity.deleteSync (package:file/src/forwarding/forwarding_file_system_entity.dart:70:16)
#3      ErrorHandlingDirectory.deleteSync.<anonymous closure> (package:flutter_tools/src/base/error_handling_io.dart:449:22)
#4      _runSync (package:flutter_tools/src/base/error_handling_io.dart:550:14)
#5      ErrorHandlingDirectory.deleteSync (package:flutter_tools/src/base/error_handling_io.dart:448:12)
#6      FlutterPlatform._createListenerDart.<anonymous closure> (package:flutter_tools/src/test/flutter_platform.dart:789:15)
#7      FlutterPlatform._startTest.finalize (package:flutter_tools/src/test/flutter_platform.dart:593:26)
<asynchronous suspension>
#8      Future.wait.<anonymous closure> (dart:async/future.dart:528:21)
<asynchronous suspension>
#9      _DefaultShutdownHooks.runShutdownHooks (package:flutter_tools/src/base/process.dart:73:7)
<asynchronous suspension>
#10     exitWithHooks (package:flutter_tools/src/base/process.dart:655:3)
<asynchronous suspension>
#11     LocalSignals._handleSignal (package:flutter_tools/src/base/signals.dart:150:7)
<asynchronous suspension>

